2026-04-08 21:25:32 | INFO | P5 | === RUN START ===
2026-04-08 21:25:32 | INFO | P5 | project=CINTEL
2026-04-08 21:25:32 | INFO | P5 | repo_dir=cintel-05-drift-detection
2026-04-08 21:25:32 | INFO | P5 | python=3.14.2
2026-04-08 21:25:32 | INFO | P5 | os=Windows 11
2026-04-08 21:25:32 | INFO | P5 | shell=powershell
2026-04-08 21:25:32 | INFO | P5 | cwd=.
2026-04-08 21:25:32 | INFO | P5 | github_actions=False
2026-04-08 21:25:32 | INFO | P5 | ========================
2026-04-08 21:25:32 | INFO | P5 | START main()
2026-04-08 21:25:32 | INFO | P5 | ========================
2026-04-08 21:25:32 | INFO | P5 | ROOT_DIR = .
2026-04-08 21:25:32 | INFO | P5 | REFERENCE_FILE = data\reference_metrics_case.csv
2026-04-08 21:25:32 | INFO | P5 | CURRENT_FILE = data\current_metrics_case.csv
2026-04-08 21:25:32 | INFO | P5 | OUTPUT_FILE = artifacts\drift_summary_case.csv
2026-04-08 21:25:32 | INFO | P5 | ARTIFACTS_DIR = artifacts
2026-04-08 21:25:32 | INFO | P5 | Loaded 10 reference records
2026-04-08 21:25:32 | INFO | P5 | Loaded 10 current records
2026-04-08 21:25:32 | INFO | P5 | Calculated summary differences and drift flags
2026-04-08 21:25:32 | INFO | P5 | Wrote drift summary file: C:\Repos\cintel-05-drift-detection\artifacts\drift_summary_case.csv
2026-04-08 21:25:32 | INFO | P5 | Drift summary dataframe:
2026-04-08 21:25:32 | INFO | P5 | shape: (1, 12)
в”Ңв”Җв”Җв”Җв”Җв”Җв”Җв”Җв”Җв”¬в”Җв”Җв”Җв”Җв”Җв”Җв”Җв”Җв”¬в”Җв”Җв”Җв”Җв”Җв”Җв”Җв”Җв”¬в”Җв”Җв”Җв”Җв”Җв”Җв”Җв”¬в”Җв”Җв”Җв”¬в”Җв”Җв”Җв”Җв”Җв”Җв”Җв”¬в”Җв”Җв”Җв”Җв”Җв”Җв”Җв”¬в”Җв”Җв”Җв”Җв”Җв”Җв”Җв”¬в”Җв”Җв”Җв”Җв”Җв”Җв”Җв”җ
в”Ӯ refere в”Ҷ refere в”Ҷ refere в”Ҷ curre в”Ҷ вҖҰ в”Ҷ laten в”Ҷ reque в”Ҷ error в”Ҷ laten в”Ӯ
в”Ӯ nce_av в”Ҷ nce_av в”Ҷ nce_av в”Ҷ nt_av в”Ҷ   в”Ҷ cy_me в”Ҷ sts_i в”Ҷ s_is_ в”Ҷ cy_is в”Ӯ
в”Ӯ g_requ в”Ҷ g_erro в”Ҷ g_late в”Ҷ g_req в”Ҷ   в”Ҷ an_di в”Ҷ s_dri в”Ҷ drift в”Ҷ _drif в”Ӯ
в”Ӯ ests   в”Ҷ rs     в”Ҷ ncy_ms в”Ҷ uests в”Ҷ   в”Ҷ ffere в”Ҷ fting в”Ҷ ing_f в”Ҷ ting_ в”Ӯ
в”Ӯ ---    в”Ҷ ---    в”Ҷ ---    в”Ҷ ---   в”Ҷ   в”Ҷ nce_m в”Ҷ _flag в”Ҷ lag   в”Ҷ flag  в”Ӯ
в”Ӯ f64    в”Ҷ f64    в”Ҷ f64    в”Ҷ f64   в”Ҷ   в”Ҷ s     в”Ҷ ---   в”Ҷ ---   в”Ҷ ---   в”Ӯ
в”Ӯ        в”Ҷ        в”Ҷ        в”Ҷ       в”Ҷ   в”Ҷ ---   в”Ҷ bool  в”Ҷ bool  в”Ҷ bool  в”Ӯ
в”Ӯ        в”Ҷ        в”Ҷ        в”Ҷ       в”Ҷ   в”Ҷ f64   в”Ҷ       в”Ҷ       в”Ҷ       в”Ӯ
в•һв•җв•җв•җв•җв•җв•җв•җв•җв•Әв•җв•җв•җв•җв•җв•җв•җв•җв•Әв•җв•җв•җв•җв•җв•җв•җв•җв•Әв•җв•җв•җв•җв•җв•җв•җв•Әв•җв•җв•җв•Әв•җв•җв•җв•җв•җв•җв•җв•Әв•җв•җв•җв•җв•җв•җв•җв•Әв•җв•җв•җв•җв•җв•җв•җв•Әв•җв•җв•җв•җв•җв•җв•җв•Ў
в”Ӯ 128.3  в”Ҷ 2.3    в”Ҷ 3835.0 в”Ҷ 164.5 в”Ҷ вҖҰ в”Ҷ 1835. в”Ҷ true  в”Ҷ true  в”Ҷ true  в”Ӯ
в”Ӯ        в”Ҷ        в”Ҷ        в”Ҷ       в”Ҷ   в”Ҷ 0     в”Ҷ       в”Ҷ       в”Ҷ       в”Ӯ
в””в”Җв”Җв”Җв”Җв”Җв”Җв”Җв”Җв”ҙв”Җв”Җв”Җв”Җв”Җв”Җв”Җв”Җв”ҙв”Җв”Җв”Җв”Җв”Җв”Җв”Җв”Җв”ҙв”Җв”Җв”Җв”Җв”Җв”Җв”Җв”ҙв”Җв”Җв”Җв”ҙв”Җв”Җв”Җв”Җв”Җв”Җв”Җв”ҙв”Җв”Җв”Җв”Җв”Җв”Җв”Җв”ҙв”Җв”Җв”Җв”Җв”Җв”Җв”Җв”ҙв”Җв”Җв”Җв”Җв”Җв”Җв”Җв”ҳ
2026-04-08 21:25:32 | INFO | P5 | Let's make that a bit nicer to read...
2026-04-08 21:25:32 | INFO | P5 | All remaining steps are about creating a nicer display.
2026-04-08 21:25:32 | INFO | P5 | ========================
2026-04-08 21:25:32 | INFO | P5 | Drift Detection Process: 
2026-04-08 21:25:32 | INFO | P5 | ========================
2026-04-08 21:25:32 | INFO | P5 | 1. Summarize each period with means.
2026-04-08 21:25:32 | INFO | P5 | 2. Compute difference of means.
2026-04-08 21:25:32 | INFO | P5 | 3. Flag drift if absolute difference of means exceeds a threshold.
2026-04-08 21:25:32 | INFO | P5 | ========================
2026-04-08 21:25:32 | INFO | P5 | Drift summary (one field per line):
2026-04-08 21:25:32 | INFO | P5 | reference_avg_requests: 128.3
2026-04-08 21:25:32 | INFO | P5 | reference_avg_errors: 2.3
2026-04-08 21:25:32 | INFO | P5 | reference_avg_latency_ms: 3835.0
2026-04-08 21:25:32 | INFO | P5 | current_avg_requests: 164.5
2026-04-08 21:25:32 | INFO | P5 | current_avg_errors: 6.3
2026-04-08 21:25:32 | INFO | P5 | current_avg_latency_ms: 5670.0
2026-04-08 21:25:32 | INFO | P5 | requests_mean_difference: 36.2
2026-04-08 21:25:32 | INFO | P5 | errors_mean_difference: 4.0
2026-04-08 21:25:32 | INFO | P5 | latency_mean_difference_ms: 1835.0
2026-04-08 21:25:32 | INFO | P5 | requests_is_drifting_flag: True
2026-04-08 21:25:32 | INFO | P5 | errors_is_drifting_flag: True
2026-04-08 21:25:32 | INFO | P5 | latency_is_drifting_flag: True
2026-04-08 21:25:32 | INFO | P5 | Wrote long summary file: C:\Repos\cintel-05-drift-detection\artifacts\drift_summary_long_case.csv
2026-04-08 21:25:32 | INFO | P5 | ========================
2026-04-08 21:25:32 | INFO | P5 | Pipeline executed successfully!
2026-04-08 21:25:32 | INFO | P5 | ========================
2026-04-08 21:25:32 | INFO | P5 | END main()
